[2024-07-03 03:35:38,117] INFO Registered kafka:type=kafka.Log4jController MBean (kafka.utils.Log4jControllerRegistration$)
[2024-07-03 03:35:38,591] INFO Setting -D jdk.tls.rejectClientInitiatedRenegotiation=true to disable client-initiated TLS renegotiation (org.apache.zookeeper.common.X509Util)
[2024-07-03 03:35:38,675] INFO starting (kafka.server.KafkaServer)
[2024-07-03 03:35:38,675] INFO Connecting to zookeeper on localhost:2181 (kafka.server.KafkaServer)
[2024-07-03 03:35:38,692] INFO [ZooKeeperClient Kafka server] Initializing a new session to localhost:2181. (kafka.zookeeper.ZooKeeperClient)
[2024-07-03 03:35:38,707] INFO Client environment:zookeeper.version=3.8.4-9316c2a7a97e1666d8f4593f34dd6fc36ecc436c, built on 2024-02-12 22:16 UTC (org.apache.zookeeper.ZooKeeper)
[2024-07-03 03:35:38,719] INFO Client environment:host.name=78.75.227.236 (org.apache.zookeeper.ZooKeeper)
[2024-07-03 03:35:38,719] INFO Client environment:java.version=1.8.0_411 (org.apache.zookeeper.ZooKeeper)
[2024-07-03 03:35:38,719] INFO Client environment:java.vendor=Oracle Corporation (org.apache.zookeeper.ZooKeeper)
[2024-07-03 03:35:38,719] INFO Client environment:java.home=C:\Program Files\Java\jre-1.8 (org.apache.zookeeper.ZooKeeper)
[2024-07-03 03:35:38,719] INFO Client environment:java.class.path=C:/Users/sheha/Documents/GitHub/Kafka/Kafka-Project/kafka_2.12-3.7.1/kafka_2.12-3.7.1/libs/activation-1.1.1.jar;C:/Users/sheha/Documents/GitHub/Kafka/Kafka-Project/kafka_2.12-3.7.1/kafka_2.12-3.7.1/libs/aopalliance-repackaged-2.6.1.jar;C:/Users/sheha/Documents/GitHub/Kafka/Kafka-Project/kafka_2.12-3.7.1/kafka_2.12-3.7.1/libs/argparse4j-0.7.0.jar;C:/Users/sheha/Documents/GitHub/Kafka/Kafka-Project/kafka_2.12-3.7.1/kafka_2.12-3.7.1/libs/audience-annotations-0.12.0.jar;C:/Users/sheha/Documents/GitHub/Kafka/Kafka-Project/kafka_2.12-3.7.1/kafka_2.12-3.7.1/libs/caffeine-2.9.3.jar;C:/Users/sheha/Documents/GitHub/Kafka/Kafka-Project/kafka_2.12-3.7.1/kafka_2.12-3.7.1/libs/checker-qual-3.19.0.jar;C:/Users/sheha/Documents/GitHub/Kafka/Kafka-Project/kafka_2.12-3.7.1/kafka_2.12-3.7.1/libs/commons-beanutils-1.9.4.jar;C:/Users/sheha/Documents/GitHub/Kafka/Kafka-Project/kafka_2.12-3.7.1/kafka_2.12-3.7.1/libs/commons-cli-1.4.jar;C:/Users/sheha/Documents/GitHub/Kafka/Kafka-Project/kafka_2.12-3.7.1/kafka_2.12-3.7.1/libs/commons-collections-3.2.2.jar;C:/Users/sheha/Documents/GitHub/Kafka/Kafka-Project/kafka_2.12-3.7.1/kafka_2.12-3.7.1/libs/commons-digester-2.1.jar;C:/Users/sheha/Documents/GitHub/Kafka/Kafka-Project/kafka_2.12-3.7.1/kafka_2.12-3.7.1/libs/commons-io-2.11.0.jar;C:/Users/sheha/Documents/GitHub/Kafka/Kafka-Project/kafka_2.12-3.7.1/kafka_2.12-3.7.1/libs/commons-lang3-3.8.1.jar;C:/Users/sheha/Documents/GitHub/Kafka/Kafka-Project/kafka_2.12-3.7.1/kafka_2.12-3.7.1/libs/commons-logging-1.2.jar;C:/Users/sheha/Documents/GitHub/Kafka/Kafka-Project/kafka_2.12-3.7.1/kafka_2.12-3.7.1/libs/commons-validator-1.7.jar;C:/Users/sheha/Documents/GitHub/Kafka/Kafka-Project/kafka_2.12-3.7.1/kafka_2.12-3.7.1/libs/connect-api-3.7.1.jar;C:/Users/sheha/Documents/GitHub/Kafka/Kafka-Project/kafka_2.12-3.7.1/kafka_2.12-3.7.1/libs/connect-basic-auth-extension-3.7.1.jar;C:/Users/sheha/Documents/GitHub/Kafka/Kafka-Project/kafka_2.12-3.7.1/kafka_2.12-3.7.1/libs/connect-json-3.7.1.jar;C:/Users/sheha/Documents/GitHub/Kafka/Kafka-Project/kafka_2.12-3.7.1/kafka_2.12-3.7.1/libs/connect-mirror-3.7.1.jar;C:/Users/sheha/Documents/GitHub/Kafka/Kafka-Project/kafka_2.12-3.7.1/kafka_2.12-3.7.1/libs/connect-mirror-client-3.7.1.jar;C:/Users/sheha/Documents/GitHub/Kafka/Kafka-Project/kafka_2.12-3.7.1/kafka_2.12-3.7.1/libs/connect-runtime-3.7.1.jar;C:/Users/sheha/Documents/GitHub/Kafka/Kafka-Project/kafka_2.12-3.7.1/kafka_2.12-3.7.1/libs/connect-transforms-3.7.1.jar;C:/Users/sheha/Documents/GitHub/Kafka/Kafka-Project/kafka_2.12-3.7.1/kafka_2.12-3.7.1/libs/error_prone_annotations-2.10.0.jar;C:/Users/sheha/Documents/GitHub/Kafka/Kafka-Project/kafka_2.12-3.7.1/kafka_2.12-3.7.1/libs/hk2-api-2.6.1.jar;C:/Users/sheha/Documents/GitHub/Kafka/Kafka-Project/kafka_2.12-3.7.1/kafka_2.12-3.7.1/libs/hk2-locator-2.6.1.jar;C:/Users/sheha/Documents/GitHub/Kafka/Kafka-Project/kafka_2.12-3.7.1/kafka_2.12-3.7.1/libs/hk2-utils-2.6.1.jar;C:/Users/sheha/Documents/GitHub/Kafka/Kafka-Project/kafka_2.12-3.7.1/kafka_2.12-3.7.1/libs/jackson-annotations-2.16.2.jar;C:/Users/sheha/Documents/GitHub/Kafka/Kafka-Project/kafka_2.12-3.7.1/kafka_2.12-3.7.1/libs/jackson-core-2.16.2.jar;C:/Users/sheha/Documents/GitHub/Kafka/Kafka-Project/kafka_2.12-3.7.1/kafka_2.12-3.7.1/libs/jackson-databind-2.16.2.jar;C:/Users/sheha/Documents/GitHub/Kafka/Kafka-Project/kafka_2.12-3.7.1/kafka_2.12-3.7.1/libs/jackson-dataformat-csv-2.16.2.jar;C:/Users/sheha/Documents/GitHub/Kafka/Kafka-Project/kafka_2.12-3.7.1/kafka_2.12-3.7.1/libs/jackson-datatype-jdk8-2.16.2.jar;C:/Users/sheha/Documents/GitHub/Kafka/Kafka-Project/kafka_2.12-3.7.1/kafka_2.12-3.7.1/libs/jackson-jaxrs-base-2.16.2.jar;C:/Users/sheha/Documents/GitHub/Kafka/Kafka-Project/kafka_2.12-3.7.1/kafka_2.12-3.7.1/libs/jackson-jaxrs-json-provider-2.16.2.jar;C:/Users/sheha/Documents/GitHub/Kafka/Kafka-Project/kafka_2.12-3.7.1/kafka_2.12-3.7.1/libs/jackson-module-jaxb-annotations-2.16.2.jar;C:/Users/sheha/Documents/GitHub/Kafka/Kafka-Project/kafka_2.12-3.7.1/kafka_2.12-3.7.1/libs/jackson-module-scala_2.12-2.16.2.jar;C:/Users/sheha/Documents/GitHub/Kafka/Kafka-Project/kafka_2.12-3.7.1/kafka_2.12-3.7.1/libs/jakarta.activation-api-1.2.2.jar;C:/Users/sheha/Documents/GitHub/Kafka/Kafka-Project/kafka_2.12-3.7.1/kafka_2.12-3.7.1/libs/jakarta.annotation-api-1.3.5.jar;C:/Users/sheha/Documents/GitHub/Kafka/Kafka-Project/kafka_2.12-3.7.1/kafka_2.12-3.7.1/libs/jakarta.inject-2.6.1.jar;C:/Users/sheha/Documents/GitHub/Kafka/Kafka-Project/kafka_2.12-3.7.1/kafka_2.12-3.7.1/libs/jakarta.validation-api-2.0.2.jar;C:/Users/sheha/Documents/GitHub/Kafka/Kafka-Project/kafka_2.12-3.7.1/kafka_2.12-3.7.1/libs/jakarta.ws.rs-api-2.1.6.jar;C:/Users/sheha/Documents/GitHub/Kafka/Kafka-Project/kafka_2.12-3.7.1/kafka_2.12-3.7.1/libs/jakarta.xml.bind-api-2.3.3.jar;C:/Users/sheha/Documents/GitHub/Kafka/Kafka-Project/kafka_2.12-3.7.1/kafka_2.12-3.7.1/libs/javassist-3.29.2-GA.jar;C:/Users/sheha/Documents/GitHub/Kafka/Kafka-Project/kafka_2.12-3.7.1/kafka_2.12-3.7.1/libs/javax.activation-api-1.2.0.jar;C:/Users/sheha/Documents/GitHub/Kafka/Kafka-Project/kafka_2.12-3.7.1/kafka_2.12-3.7.1/libs/javax.annotation-api-1.3.2.jar;C:/Users/sheha/Documents/GitHub/Kafka/Kafka-Project/kafka_2.12-3.7.1/kafka_2.12-3.7.1/libs/javax.servlet-api-3.1.0.jar;C:/Users/sheha/Documents/GitHub/Kafka/Kafka-Project/kafka_2.12-3.7.1/kafka_2.12-3.7.1/libs/javax.ws.rs-api-2.1.1.jar;C:/Users/sheha/Documents/GitHub/Kafka/Kafka-Project/kafka_2.12-3.7.1/kafka_2.12-3.7.1/libs/jaxb-api-2.3.1.jar;C:/Users/sheha/Documents/GitHub/Kafka/Kafka-Project/kafka_2.12-3.7.1/kafka_2.12-3.7.1/libs/jersey-client-2.39.1.jar;C:/Users/sheha/Documents/GitHub/Kafka/Kafka-Project/kafka_2.12-3.7.1/kafka_2.12-3.7.1/libs/jersey-common-2.39.1.jar;C:/Users/sheha/Documents/GitHub/Kafka/Kafka-Project/kafka_2.12-3.7.1/kafka_2.12-3.7.1/libs/jersey-container-servlet-2.39.1.jar;C:/Users/sheha/Documents/GitHub/Kafka/Kafka-Project/kafka_2.12-3.7.1/kafka_2.12-3.7.1/libs/jersey-container-servlet-core-2.39.1.jar;C:/Users/sheha/Documents/GitHub/Kafka/Kafka-Project/kafka_2.12-3.7.1/kafka_2.12-3.7.1/libs/jersey-hk2-2.39.1.jar;C:/Users/sheha/Documents/GitHub/Kafka/Kafka-Project/kafka_2.12-3.7.1/kafka_2.12-3.7.1/libs/jersey-server-2.39.1.jar;C:/Users/sheha/Documents/GitHub/Kafka/Kafka-Project/kafka_2.12-3.7.1/kafka_2.12-3.7.1/libs/jetty-client-9.4.54.v20240208.jar;C:/Users/sheha/Documents/GitHub/Kafka/Kafka-Project/kafka_2.12-3.7.1/kafka_2.12-3.7.1/libs/jetty-continuation-9.4.54.v20240208.jar;C:/Users/sheha/Documents/GitHub/Kafka/Kafka-Project/kafka_2.12-3.7.1/kafka_2.12-3.7.1/libs/jetty-http-9.4.54.v20240208.jar;C:/Users/sheha/Documents/GitHub/Kafka/Kafka-Project/kafka_2.12-3.7.1/kafka_2.12-3.7.1/libs/jetty-io-9.4.54.v20240208.jar;C:/Users/sheha/Documents/GitHub/Kafka/Kafka-Project/kafka_2.12-3.7.1/kafka_2.12-3.7.1/libs/jetty-security-9.4.54.v20240208.jar;C:/Users/sheha/Documents/GitHub/Kafka/Kafka-Project/kafka_2.12-3.7.1/kafka_2.12-3.7.1/libs/jetty-server-9.4.54.v20240208.jar;C:/Users/sheha/Documents/GitHub/Kafka/Kafka-Project/kafka_2.12-3.7.1/kafka_2.12-3.7.1/libs/jetty-servlet-9.4.54.v20240208.jar;C:/Users/sheha/Documents/GitHub/Kafka/Kafka-Project/kafka_2.12-3.7.1/kafka_2.12-3.7.1/libs/jetty-servlets-9.4.54.v20240208.jar;C:/Users/sheha/Documents/GitHub/Kafka/Kafka-Project/kafka_2.12-3.7.1/kafka_2.12-3.7.1/libs/jetty-util-9.4.54.v20240208.jar;C:/Users/sheha/Documents/GitHub/Kafka/Kafka-Project/kafka_2.12-3.7.1/kafka_2.12-3.7.1/libs/jetty-util-ajax-9.4.54.v20240208.jar;C:/Users/sheha/Documents/GitHub/Kafka/Kafka-Project/kafka_2.12-3.7.1/kafka_2.12-3.7.1/libs/jline-3.25.1.jar;C:/Users/sheha/Documents/GitHub/Kafka/Kafka-Project/kafka_2.12-3.7.1/kafka_2.12-3.7.1/libs/jopt-simple-5.0.4.jar;C:/Users/sheha/Documents/GitHub/Kafka/Kafka-Project/kafka_2.12-3.7.1/kafka_2.12-3.7.1/libs/jose4j-0.9.4.jar;C:/Users/sheha/Documents/GitHub/Kafka/Kafka-Project/kafka_2.12-3.7.1/kafka_2.12-3.7.1/libs/jsr305-3.0.2.jar;C:/Users/sheha/Documents/GitHub/Kafka/Kafka-Project/kafka_2.12-3.7.1/kafka_2.12-3.7.1/libs/kafka-clients-3.7.1.jar;C:/Users/sheha/Documents/GitHub/Kafka/Kafka-Project/kafka_2.12-3.7.1/kafka_2.12-3.7.1/libs/kafka-group-coordinator-3.7.1.jar;C:/Users/sheha/Documents/GitHub/Kafka/Kafka-Project/kafka_2.12-3.7.1/kafka_2.12-3.7.1/libs/kafka-log4j-appender-3.7.1.jar;C:/Users/sheha/Documents/GitHub/Kafka/Kafka-Project/kafka_2.12-3.7.1/kafka_2.12-3.7.1/libs/kafka-metadata-3.7.1.jar;C:/Users/sheha/Documents/GitHub/Kafka/Kafka-Project/kafka_2.12-3.7.1/kafka_2.12-3.7.1/libs/kafka-raft-3.7.1.jar;C:/Users/sheha/Documents/GitHub/Kafka/Kafka-Project/kafka_2.12-3.7.1/kafka_2.12-3.7.1/libs/kafka-server-3.7.1.jar;C:/Users/sheha/Documents/GitHub/Kafka/Kafka-Project/kafka_2.12-3.7.1/kafka_2.12-3.7.1/libs/kafka-server-common-3.7.1.jar;C:/Users/sheha/Documents/GitHub/Kafka/Kafka-Project/kafka_2.12-3.7.1/kafka_2.12-3.7.1/libs/kafka-shell-3.7.1.jar;C:/Users/sheha/Documents/GitHub/Kafka/Kafka-Project/kafka_2.12-3.7.1/kafka_2.12-3.7.1/libs/kafka-storage-3.7.1.jar;C:/Users/sheha/Documents/GitHub/Kafka/Kafka-Project/kafka_2.12-3.7.1/kafka_2.12-3.7.1/libs/kafka-storage-api-3.7.1.jar;C:/Users/sheha/Documents/GitHub/Kafka/Kafka-Project/kafka_2.12-3.7.1/kafka_2.12-3.7.1/libs/kafka-streams-3.7.1.jar;C:/Users/sheha/Documents/GitHub/Kafka/Kafka-Project/kafka_2.12-3.7.1/kafka_2.12-3.7.1/libs/kafka-streams-examples-3.7.1.jar;C:/Users/sheha/Documents/GitHub/Kafka/Kafka-Project/kafka_2.12-3.7.1/kafka_2.12-3.7.1/libs/kafka-streams-scala_2.12-3.7.1.jar;C:/Users/sheha/Documents/GitHub/Kafka/Kafka-Project/kafka_2.12-3.7.1/kafka_2.12-3.7.1/libs/kafka-streams-test-utils-3.7.1.jar;C:/Users/sheha/Documents/GitHub/Kafka/Kafka-Project/kafka_2.12-3.7.1/kafka_2.12-3.7.1/libs/kafka-tools-3.7.1.jar;C:/Users/sheha/Documents/GitHub/Kafka/Kafka-Project/kafka_2.12-3.7.1/kafka_2.12-3.7.1/libs/kafka-tools-api-3.7.1.jar;C:/Users/sheha/Documents/GitHub/Kafka/Kafka-Project/kafka_2.12-3.7.1/kafka_2.12-3.7.1/libs/kafka_2.12-3.7.1.jar;C:/Users/sheha/Documents/GitHub/Kafka/Kafka-Project/kafka_2.12-3.7.1/kafka_2.12-3.7.1/libs/lz4-java-1.8.0.jar;C:/Users/sheha/Documents/GitHub/Kafka/Kafka-Project/kafka_2.12-3.7.1/kafka_2.12-3.7.1/libs/maven-artifact-3.8.8.jar;C:/Users/sheha/Documents/GitHub/Kafka/Kafka-Project/kafka_2.12-3.7.1/kafka_2.12-3.7.1/libs/metrics-core-2.2.0.jar;C:/Users/sheha/Documents/GitHub/Kafka/Kafka-Project/kafka_2.12-3.7.1/kafka_2.12-3.7.1/libs/metrics-core-4.1.12.1.jar;C:/Users/sheha/Documents/GitHub/Kafka/Kafka-Project/kafka_2.12-3.7.1/kafka_2.12-3.7.1/libs/netty-buffer-4.1.110.Final.jar;C:/Users/sheha/Documents/GitHub/Kafka/Kafka-Project/kafka_2.12-3.7.1/kafka_2.12-3.7.1/libs/netty-codec-4.1.110.Final.jar;C:/Users/sheha/Documents/GitHub/Kafka/Kafka-Project/kafka_2.12-3.7.1/kafka_2.12-3.7.1/libs/netty-common-4.1.110.Final.jar;C:/Users/sheha/Documents/GitHub/Kafka/Kafka-Project/kafka_2.12-3.7.1/kafka_2.12-3.7.1/libs/netty-handler-4.1.110.Final.jar;C:/Users/sheha/Documents/GitHub/Kafka/Kafka-Project/kafka_2.12-3.7.1/kafka_2.12-3.7.1/libs/netty-resolver-4.1.110.Final.jar;C:/Users/sheha/Documents/GitHub/Kafka/Kafka-Project/kafka_2.12-3.7.1/kafka_2.12-3.7.1/libs/netty-transport-4.1.110.Final.jar;C:/Users/sheha/Documents/GitHub/Kafka/Kafka-Project/kafka_2.12-3.7.1/kafka_2.12-3.7.1/libs/netty-transport-classes-epoll-4.1.110.Final.jar;C:/Users/sheha/Documents/GitHub/Kafka/Kafka-Project/kafka_2.12-3.7.1/kafka_2.12-3.7.1/libs/netty-transport-native-epoll-4.1.110.Final.jar;C:/Users/sheha/Documents/GitHub/Kafka/Kafka-Project/kafka_2.12-3.7.1/kafka_2.12-3.7.1/libs/netty-transport-native-unix-common-4.1.110.Final.jar;C:/Users/sheha/Documents/GitHub/Kafka/Kafka-Project/kafka_2.12-3.7.1/kafka_2.12-3.7.1/libs/opentelemetry-proto-1.0.0-alpha.jar;C:/Users/sheha/Documents/GitHub/Kafka/Kafka-Project/kafka_2.12-3.7.1/kafka_2.12-3.7.1/libs/osgi-resource-locator-1.0.3.jar;C:/Users/sheha/Documents/GitHub/Kafka/Kafka-Project/kafka_2.12-3.7.1/kafka_2.12-3.7.1/libs/paranamer-2.8.jar;C:/Users/sheha/Documents/GitHub/Kafka/Kafka-Project/kafka_2.12-3.7.1/kafka_2.12-3.7.1/libs/pcollections-4.0.1.jar;C:/Users/sheha/Documents/GitHub/Kafka/Kafka-Project/kafka_2.12-3.7.1/kafka_2.12-3.7.1/libs/plexus-utils-3.3.1.jar;C:/Users/sheha/Documents/GitHub/Kafka/Kafka-Project/kafka_2.12-3.7.1/kafka_2.12-3.7.1/libs/protobuf-java-3.23.4.jar;C:/Users/sheha/Documents/GitHub/Kafka/Kafka-Project/kafka_2.12-3.7.1/kafka_2.12-3.7.1/libs/reflections-0.10.2.jar;C:/Users/sheha/Documents/GitHub/Kafka/Kafka-Project/kafka_2.12-3.7.1/kafka_2.12-3.7.1/libs/reload4j-1.2.25.jar;C:/Users/sheha/Documents/GitHub/Kafka/Kafka-Project/kafka_2.12-3.7.1/kafka_2.12-3.7.1/libs/rocksdbjni-7.9.2.jar;C:/Users/sheha/Documents/GitHub/Kafka/Kafka-Project/kafka_2.12-3.7.1/kafka_2.12-3.7.1/libs/scala-collection-compat_2.12-2.10.0.jar;C:/Users/sheha/Documents/GitHub/Kafka/Kafka-Project/kafka_2.12-3.7.1/kafka_2.12-3.7.1/libs/scala-java8-compat_2.12-1.0.2.jar;C:/Users/sheha/Documents/GitHub/Kafka/Kafka-Project/kafka_2.12-3.7.1/kafka_2.12-3.7.1/libs/scala-library-2.12.18.jar;C:/Users/sheha/Documents/GitHub/Kafka/Kafka-Project/kafka_2.12-3.7.1/kafka_2.12-3.7.1/libs/scala-logging_2.12-3.9.4.jar;C:/Users/sheha/Documents/GitHub/Kafka/Kafka-Project/kafka_2.12-3.7.1/kafka_2.12-3.7.1/libs/scala-reflect-2.12.18.jar;C:/Users/sheha/Documents/GitHub/Kafka/Kafka-Project/kafka_2.12-3.7.1/kafka_2.12-3.7.1/libs/slf4j-api-1.7.36.jar;C:/Users/sheha/Documents/GitHub/Kafka/Kafka-Project/kafka_2.12-3.7.1/kafka_2.12-3.7.1/libs/slf4j-reload4j-1.7.36.jar;C:/Users/sheha/Documents/GitHub/Kafka/Kafka-Project/kafka_2.12-3.7.1/kafka_2.12-3.7.1/libs/snappy-java-1.1.10.5.jar;C:/Users/sheha/Documents/GitHub/Kafka/Kafka-Project/kafka_2.12-3.7.1/kafka_2.12-3.7.1/libs/swagger-annotations-2.2.8.jar;C:/Users/sheha/Documents/GitHub/Kafka/Kafka-Project/kafka_2.12-3.7.1/kafka_2.12-3.7.1/libs/trogdor-3.7.1.jar;C:/Users/sheha/Documents/GitHub/Kafka/Kafka-Project/kafka_2.12-3.7.1/kafka_2.12-3.7.1/libs/zookeeper-3.8.4.jar;C:/Users/sheha/Documents/GitHub/Kafka/Kafka-Project/kafka_2.12-3.7.1/kafka_2.12-3.7.1/libs/zookeeper-jute-3.8.4.jar;C:/Users/sheha/Documents/GitHub/Kafka/Kafka-Project/kafka_2.12-3.7.1/kafka_2.12-3.7.1/libs/zstd-jni-1.5.6-3.jar (org.apache.zookeeper.ZooKeeper)
[2024-07-03 03:35:38,719] INFO Client environment:java.library.path=C:\Program Files\Java\jre-1.8\bin;C:\windows\Sun\Java\bin;C:\windows\system32;C:\windows;C:\Users\sheha\bin;C:\Program Files\Git\mingw64\bin;C:\Program Files\Git\usr\local\bin;C:\Program Files\Git\usr\bin;C:\Program Files\Git\usr\bin;C:\Program Files\Git\mingw64\bin;C:\Program Files\Git\usr\bin;C:\Users\sheha\bin;C:\Program Files (x86)\Common Files\Oracle\Java\java8path;C:\Program Files (x86)\Common Files\Oracle\Java\javapath;C:\windows\system32;C:\windows;C:\windows\System32\Wbem;C:\windows\System32\WindowsPowerShell\v1.0;C:\windows\System32\OpenSSH;C:\Users\sheha\AppData\Local\Packages\PythonSoftwareFoundation.Python.3.12_qbz5n2kfra8p0\LocalCache\local-packages\Python312\Scripts;C:\Program Files\Git\cmd;C:\Program Files\Java\jre-1.8\bin;C:\Users\sheha\AppData\Local\Programs\Python\Launcher;C:\Users\sheha\AppData\Local\Microsoft\WindowsApps;C:\Users\sheha\AppData\Local\Programs\Microsoft VS Code\bin;C:\Users\sheha\AppData\Local\GitHubDesktop\bin;C:\Program Files\Git\usr\bin\vendor_perl;C:\Program Files\Git\usr\bin\core_perl;. (org.apache.zookeeper.ZooKeeper)
[2024-07-03 03:35:38,719] INFO Client environment:java.io.tmpdir=C:\Users\sheha\AppData\Local\Temp\ (org.apache.zookeeper.ZooKeeper)
[2024-07-03 03:35:38,719] INFO Client environment:java.compiler=<NA> (org.apache.zookeeper.ZooKeeper)
[2024-07-03 03:35:38,719] INFO Client environment:os.name=Windows 11 (org.apache.zookeeper.ZooKeeper)
[2024-07-03 03:35:38,719] INFO Client environment:os.arch=amd64 (org.apache.zookeeper.ZooKeeper)
[2024-07-03 03:35:38,719] INFO Client environment:os.version=10.0 (org.apache.zookeeper.ZooKeeper)
[2024-07-03 03:35:38,719] INFO Client environment:user.name=sheha (org.apache.zookeeper.ZooKeeper)
[2024-07-03 03:35:38,719] INFO Client environment:user.home=C:\Users\sheha (org.apache.zookeeper.ZooKeeper)
[2024-07-03 03:35:38,719] INFO Client environment:user.dir=C:\Users\sheha\Documents\GitHub\Kafka\Kafka-Project\kafka_2.12-3.7.1\kafka_2.12-3.7.1 (org.apache.zookeeper.ZooKeeper)
[2024-07-03 03:35:38,719] INFO Client environment:os.memory.free=1008MB (org.apache.zookeeper.ZooKeeper)
[2024-07-03 03:35:38,719] INFO Client environment:os.memory.max=1024MB (org.apache.zookeeper.ZooKeeper)
[2024-07-03 03:35:38,719] INFO Client environment:os.memory.total=1024MB (org.apache.zookeeper.ZooKeeper)
[2024-07-03 03:35:38,722] INFO Initiating client connection, connectString=localhost:2181 sessionTimeout=18000 watcher=kafka.zookeeper.ZooKeeperClient$ZooKeeperClientWatcher$@2d1ef81a (org.apache.zookeeper.ZooKeeper)
[2024-07-03 03:35:38,722] INFO jute.maxbuffer value is 4194304 Bytes (org.apache.zookeeper.ClientCnxnSocket)
[2024-07-03 03:35:38,722] INFO zookeeper.request.timeout value is 0. feature enabled=false (org.apache.zookeeper.ClientCnxn)
[2024-07-03 03:35:38,738] INFO [ZooKeeperClient Kafka server] Waiting until connected. (kafka.zookeeper.ZooKeeperClient)
[2024-07-03 03:35:38,738] INFO Opening socket connection to server localhost/127.0.0.1:2181. (org.apache.zookeeper.ClientCnxn)
[2024-07-03 03:35:40,784] WARN Session 0x0 for server localhost/127.0.0.1:2181, Closing socket connection. Attempting reconnect except it is a SessionExpiredException. (org.apache.zookeeper.ClientCnxn)
java.net.ConnectException: Connection refused: no further information
	at sun.nio.ch.SocketChannelImpl.checkConnect(Native Method)
	at sun.nio.ch.SocketChannelImpl.finishConnect(Unknown Source)
	at org.apache.zookeeper.ClientCnxnSocketNIO.doTransport(ClientCnxnSocketNIO.java:344)
	at org.apache.zookeeper.ClientCnxn$SendThread.run(ClientCnxn.java:1289)
[2024-07-03 03:35:41,895] INFO Opening socket connection to server localhost/0:0:0:0:0:0:0:1:2181. (org.apache.zookeeper.ClientCnxn)
[2024-07-03 03:35:43,940] WARN Session 0x0 for server localhost/0:0:0:0:0:0:0:1:2181, Closing socket connection. Attempting reconnect except it is a SessionExpiredException. (org.apache.zookeeper.ClientCnxn)
java.net.ConnectException: Connection refused: no further information
	at sun.nio.ch.SocketChannelImpl.checkConnect(Native Method)
	at sun.nio.ch.SocketChannelImpl.finishConnect(Unknown Source)
	at org.apache.zookeeper.ClientCnxnSocketNIO.doTransport(ClientCnxnSocketNIO.java:344)
	at org.apache.zookeeper.ClientCnxn$SendThread.run(ClientCnxn.java:1289)
[2024-07-03 03:35:45,051] INFO Opening socket connection to server localhost/127.0.0.1:2181. (org.apache.zookeeper.ClientCnxn)
[2024-07-03 03:35:47,068] WARN Session 0x0 for server localhost/127.0.0.1:2181, Closing socket connection. Attempting reconnect except it is a SessionExpiredException. (org.apache.zookeeper.ClientCnxn)
java.net.ConnectException: Connection refused: no further information
	at sun.nio.ch.SocketChannelImpl.checkConnect(Native Method)
	at sun.nio.ch.SocketChannelImpl.finishConnect(Unknown Source)
	at org.apache.zookeeper.ClientCnxnSocketNIO.doTransport(ClientCnxnSocketNIO.java:344)
	at org.apache.zookeeper.ClientCnxn$SendThread.run(ClientCnxn.java:1289)
[2024-07-03 03:35:48,192] INFO Opening socket connection to server localhost/127.0.0.1:2181. (org.apache.zookeeper.ClientCnxn)
[2024-07-03 03:35:50,239] WARN Session 0x0 for server localhost/127.0.0.1:2181, Closing socket connection. Attempting reconnect except it is a SessionExpiredException. (org.apache.zookeeper.ClientCnxn)
java.net.ConnectException: Connection refused: no further information
	at sun.nio.ch.SocketChannelImpl.checkConnect(Native Method)
	at sun.nio.ch.SocketChannelImpl.finishConnect(Unknown Source)
	at org.apache.zookeeper.ClientCnxnSocketNIO.doTransport(ClientCnxnSocketNIO.java:344)
	at org.apache.zookeeper.ClientCnxn$SendThread.run(ClientCnxn.java:1289)
[2024-07-03 03:35:51,349] INFO Opening socket connection to server localhost/0:0:0:0:0:0:0:1:2181. (org.apache.zookeeper.ClientCnxn)
[2024-07-03 03:35:53,380] WARN Session 0x0 for server localhost/0:0:0:0:0:0:0:1:2181, Closing socket connection. Attempting reconnect except it is a SessionExpiredException. (org.apache.zookeeper.ClientCnxn)
java.net.ConnectException: Connection refused: no further information
	at sun.nio.ch.SocketChannelImpl.checkConnect(Native Method)
	at sun.nio.ch.SocketChannelImpl.finishConnect(Unknown Source)
	at org.apache.zookeeper.ClientCnxnSocketNIO.doTransport(ClientCnxnSocketNIO.java:344)
	at org.apache.zookeeper.ClientCnxn$SendThread.run(ClientCnxn.java:1289)
[2024-07-03 03:35:54,489] INFO Opening socket connection to server localhost/127.0.0.1:2181. (org.apache.zookeeper.ClientCnxn)
[2024-07-03 03:35:56,520] WARN Session 0x0 for server localhost/127.0.0.1:2181, Closing socket connection. Attempting reconnect except it is a SessionExpiredException. (org.apache.zookeeper.ClientCnxn)
java.net.ConnectException: Connection refused: no further information
	at sun.nio.ch.SocketChannelImpl.checkConnect(Native Method)
	at sun.nio.ch.SocketChannelImpl.finishConnect(Unknown Source)
	at org.apache.zookeeper.ClientCnxnSocketNIO.doTransport(ClientCnxnSocketNIO.java:344)
	at org.apache.zookeeper.ClientCnxn$SendThread.run(ClientCnxn.java:1289)
[2024-07-03 03:35:56,753] INFO [ZooKeeperClient Kafka server] Closing. (kafka.zookeeper.ZooKeeperClient)
[2024-07-03 03:35:57,644] INFO Opening socket connection to server localhost/0:0:0:0:0:0:0:1:2181. (org.apache.zookeeper.ClientCnxn)
[2024-07-03 03:35:59,819] INFO Session: 0x0 closed (org.apache.zookeeper.ZooKeeper)
[2024-07-03 03:35:59,820] INFO EventThread shut down for session: 0x0 (org.apache.zookeeper.ClientCnxn)
[2024-07-03 03:35:59,821] INFO [ZooKeeperClient Kafka server] Closed. (kafka.zookeeper.ZooKeeperClient)
[2024-07-03 03:35:59,824] ERROR Fatal error during KafkaServer startup. Prepare to shutdown (kafka.server.KafkaServer)
kafka.zookeeper.ZooKeeperClientTimeoutException: Timed out waiting for connection while in state: CONNECTING
	at kafka.zookeeper.ZooKeeperClient.$anonfun$waitUntilConnected$3(ZooKeeperClient.scala:258)
	at kafka.zookeeper.ZooKeeperClient.waitUntilConnected(ZooKeeperClient.scala:254)
	at kafka.zookeeper.ZooKeeperClient.<init>(ZooKeeperClient.scala:116)
	at kafka.zk.KafkaZkClient$.apply(KafkaZkClient.scala:2316)
	at kafka.zk.KafkaZkClient$.createZkClient(KafkaZkClient.scala:2406)
	at kafka.server.KafkaServer.initZkClient(KafkaServer.scala:733)
	at kafka.server.KafkaServer.startup(KafkaServer.scala:226)
	at kafka.Kafka$.main(Kafka.scala:112)
	at kafka.Kafka.main(Kafka.scala)
[2024-07-03 03:35:59,824] INFO shutting down (kafka.server.KafkaServer)
[2024-07-03 03:35:59,832] INFO App info kafka.server for 0 unregistered (org.apache.kafka.common.utils.AppInfoParser)
[2024-07-03 03:35:59,832] INFO shut down completed (kafka.server.KafkaServer)
[2024-07-03 03:35:59,832] ERROR Exiting Kafka due to fatal exception during startup. (kafka.Kafka$)
kafka.zookeeper.ZooKeeperClientTimeoutException: Timed out waiting for connection while in state: CONNECTING
	at kafka.zookeeper.ZooKeeperClient.$anonfun$waitUntilConnected$3(ZooKeeperClient.scala:258)
	at kafka.zookeeper.ZooKeeperClient.waitUntilConnected(ZooKeeperClient.scala:254)
	at kafka.zookeeper.ZooKeeperClient.<init>(ZooKeeperClient.scala:116)
	at kafka.zk.KafkaZkClient$.apply(KafkaZkClient.scala:2316)
	at kafka.zk.KafkaZkClient$.createZkClient(KafkaZkClient.scala:2406)
	at kafka.server.KafkaServer.initZkClient(KafkaServer.scala:733)
	at kafka.server.KafkaServer.startup(KafkaServer.scala:226)
	at kafka.Kafka$.main(Kafka.scala:112)
	at kafka.Kafka.main(Kafka.scala)
[2024-07-03 03:35:59,832] INFO shutting down (kafka.server.KafkaServer)
